c:\users\nrajendram\documents\mini-projet\miniprojet\miniprojet\debug\vc142.pdb
c:\users\nrajendram\documents\mini-projet\miniprojet\miniprojet\debug\vc142.idb
c:\users\nrajendram\documents\mini-projet\miniprojet\miniprojet\debug\qrcodegeneratordemo.obj
c:\users\nrajendram\documents\mini-projet\miniprojet\miniprojet\debug\qrcodegen.obj
c:\users\nrajendram\documents\mini-projet\miniprojet\miniprojet\debug\miniprojet.obj
c:\users\nrajendram\documents\mini-projet\miniprojet\debug\miniprojet.pdb
c:\users\nrajendram\documents\mini-projet\miniprojet\miniprojet\debug\miniprojet.tlog\cl.command.1.tlog
c:\users\nrajendram\documents\mini-projet\miniprojet\miniprojet\debug\miniprojet.tlog\cl.read.1.tlog
c:\users\nrajendram\documents\mini-projet\miniprojet\miniprojet\debug\miniprojet.tlog\cl.write.1.tlog
c:\users\nrajendram\documents\mini-projet\miniprojet\miniprojet\debug\miniprojet.tlog\link-cvtres.read.1.tlog
c:\users\nrajendram\documents\mini-projet\miniprojet\miniprojet\debug\miniprojet.tlog\link-cvtres.write.1.tlog
c:\users\nrajendram\documents\mini-projet\miniprojet\miniprojet\debug\miniprojet.tlog\link-rc.read.1.tlog
c:\users\nrajendram\documents\mini-projet\miniprojet\miniprojet\debug\miniprojet.tlog\link-rc.write.1.tlog
c:\users\nrajendram\documents\mini-projet\miniprojet\miniprojet\debug\miniprojet.tlog\link.15172-cvtres.read.1.tlog
c:\users\nrajendram\documents\mini-projet\miniprojet\miniprojet\debug\miniprojet.tlog\link.15172-cvtres.write.1.tlog
c:\users\nrajendram\documents\mini-projet\miniprojet\miniprojet\debug\miniprojet.tlog\link.15172-rc.read.1.tlog
c:\users\nrajendram\documents\mini-projet\miniprojet\miniprojet\debug\miniprojet.tlog\link.15172-rc.write.1.tlog
c:\users\nrajendram\documents\mini-projet\miniprojet\miniprojet\debug\miniprojet.tlog\link.15172.read.1.tlog
c:\users\nrajendram\documents\mini-projet\miniprojet\miniprojet\debug\miniprojet.tlog\link.15172.write.1.tlog
c:\users\nrajendram\documents\mini-projet\miniprojet\miniprojet\debug\miniprojet.tlog\link.command.1.tlog
c:\users\nrajendram\documents\mini-projet\miniprojet\miniprojet\debug\miniprojet.tlog\link.read.1.tlog
c:\users\nrajendram\documents\mini-projet\miniprojet\miniprojet\debug\miniprojet.tlog\link.write.1.tlog
